Determining if the pthread_create exist failed with the following output:
Change Dir: /home/kit/catkin_ws/build/CMakeFiles/CMakeTmp

Run Build Command:"/usr/bin/make" "cmTC_def0b/fast"
/usr/bin/make -f CMakeFiles/cmTC_def0b.dir/build.make CMakeFiles/cmTC_def0b.dir/build
make[1]: Entering directory '/home/kit/catkin_ws/build/CMakeFiles/CMakeTmp'
Building C object CMakeFiles/cmTC_def0b.dir/CheckSymbolExists.c.o
/usr/bin/cc    -o CMakeFiles/cmTC_def0b.dir/CheckSymbolExists.c.o   -c /home/kit/catkin_ws/build/CMakeFiles/CMakeTmp/CheckSymbolExists.c
Linking C executable cmTC_def0b
/usr/bin/cmake -E cmake_link_script CMakeFiles/cmTC_def0b.dir/link.txt --verbose=1
/usr/bin/cc      -rdynamic CMakeFiles/cmTC_def0b.dir/CheckSymbolExists.c.o  -o cmTC_def0b 
CMakeFiles/cmTC_def0b.dir/CheckSymbolExists.c.o: In function `main':
CheckSymbolExists.c:(.text+0x1b): undefined reference to `pthread_create'
collect2: error: ld returned 1 exit status
CMakeFiles/cmTC_def0b.dir/build.make:97: recipe for target 'cmTC_def0b' failed
make[1]: *** [cmTC_def0b] Error 1
make[1]: Leaving directory '/home/kit/catkin_ws/build/CMakeFiles/CMakeTmp'
Makefile:126: recipe for target 'cmTC_def0b/fast' failed
make: *** [cmTC_def0b/fast] Error 2

File /home/kit/catkin_ws/build/CMakeFiles/CMakeTmp/CheckSymbolExists.c:
/* */
#include <pthread.h>

int main(int argc, char** argv)
{
  (void)argv;
#ifndef pthread_create
  return ((int*)(&pthread_create))[argc];
#else
  (void)argc;
  return 0;
#endif
}

Determining if the function pthread_create exists in the pthreads failed with the following output:
Change Dir: /home/kit/catkin_ws/build/CMakeFiles/CMakeTmp

Run Build Command:"/usr/bin/make" "cmTC_0b776/fast"
/usr/bin/make -f CMakeFiles/cmTC_0b776.dir/build.make CMakeFiles/cmTC_0b776.dir/build
make[1]: Entering directory '/home/kit/catkin_ws/build/CMakeFiles/CMakeTmp'
Building C object CMakeFiles/cmTC_0b776.dir/CheckFunctionExists.c.o
/usr/bin/cc   -DCHECK_FUNCTION_EXISTS=pthread_create   -o CMakeFiles/cmTC_0b776.dir/CheckFunctionExists.c.o   -c /usr/share/cmake-3.10/Modules/CheckFunctionExists.c
Linking C executable cmTC_0b776
/usr/bin/cmake -E cmake_link_script CMakeFiles/cmTC_0b776.dir/link.txt --verbose=1
/usr/bin/cc  -DCHECK_FUNCTION_EXISTS=pthread_create    -rdynamic CMakeFiles/cmTC_0b776.dir/CheckFunctionExists.c.o  -o cmTC_0b776 -lpthreads 
/usr/bin/ld: cannot find -lpthreads
collect2: error: ld returned 1 exit status
CMakeFiles/cmTC_0b776.dir/build.make:97: recipe for target 'cmTC_0b776' failed
make[1]: *** [cmTC_0b776] Error 1
make[1]: Leaving directory '/home/kit/catkin_ws/build/CMakeFiles/CMakeTmp'
Makefile:126: recipe for target 'cmTC_0b776/fast' failed
make: *** [cmTC_0b776/fast] Error 2


Determining if the Q_WS_WIN exist failed with the following output:
Change Dir: /home/kit/catkin_ws/build/CMakeFiles/CMakeTmp

Run Build Command:"/usr/bin/make" "cmTC_4b3ed/fast"
make[1]: Entering directory '/home/kit/catkin_ws/build/CMakeFiles/CMakeTmp'
/usr/bin/make -f CMakeFiles/cmTC_4b3ed.dir/build.make CMakeFiles/cmTC_4b3ed.dir/build
make[2]: Entering directory '/home/kit/catkin_ws/build/CMakeFiles/CMakeTmp'
Building CXX object CMakeFiles/cmTC_4b3ed.dir/CheckSymbolExists.cxx.o
/usr/bin/c++   -I/usr/include/qt4   -o CMakeFiles/cmTC_4b3ed.dir/CheckSymbolExists.cxx.o -c /home/kit/catkin_ws/build/CMakeFiles/CMakeTmp/CheckSymbolExists.cxx
/home/kit/catkin_ws/build/CMakeFiles/CMakeTmp/CheckSymbolExists.cxx: In function ‘int main(int, char**)’:
/home/kit/catkin_ws/build/CMakeFiles/CMakeTmp/CheckSymbolExists.cxx:8:19: error: ‘Q_WS_WIN’ was not declared in this scope
   return ((int*)(&Q_WS_WIN))[argc];
                   ^~~~~~~~
/home/kit/catkin_ws/build/CMakeFiles/CMakeTmp/CheckSymbolExists.cxx:8:19: note: suggested alternative: ‘Q_WS_X11’
   return ((int*)(&Q_WS_WIN))[argc];
                   ^~~~~~~~
                   Q_WS_X11
CMakeFiles/cmTC_4b3ed.dir/build.make:65: recipe for target 'CMakeFiles/cmTC_4b3ed.dir/CheckSymbolExists.cxx.o' failed
make[2]: *** [CMakeFiles/cmTC_4b3ed.dir/CheckSymbolExists.cxx.o] Error 1
make[2]: Leaving directory '/home/kit/catkin_ws/build/CMakeFiles/CMakeTmp'
Makefile:126: recipe for target 'cmTC_4b3ed/fast' failed
make[1]: *** [cmTC_4b3ed/fast] Error 2
make[1]: Leaving directory '/home/kit/catkin_ws/build/CMakeFiles/CMakeTmp'

File /home/kit/catkin_ws/build/CMakeFiles/CMakeTmp/CheckSymbolExists.cxx:
/* */
#include <QtCore/qglobal.h>

int main(int argc, char** argv)
{
  (void)argv;
#ifndef Q_WS_WIN
  return ((int*)(&Q_WS_WIN))[argc];
#else
  (void)argc;
  return 0;
#endif
}

Determining if the Q_WS_QWS exist failed with the following output:
Change Dir: /home/kit/catkin_ws/build/CMakeFiles/CMakeTmp

Run Build Command:"/usr/bin/make" "cmTC_a2983/fast"
make[1]: Entering directory '/home/kit/catkin_ws/build/CMakeFiles/CMakeTmp'
/usr/bin/make -f CMakeFiles/cmTC_a2983.dir/build.make CMakeFiles/cmTC_a2983.dir/build
make[2]: Entering directory '/home/kit/catkin_ws/build/CMakeFiles/CMakeTmp'
Building CXX object CMakeFiles/cmTC_a2983.dir/CheckSymbolExists.cxx.o
/usr/bin/c++   -I/usr/include/qt4   -o CMakeFiles/cmTC_a2983.dir/CheckSymbolExists.cxx.o -c /home/kit/catkin_ws/build/CMakeFiles/CMakeTmp/CheckSymbolExists.cxx
/home/kit/catkin_ws/build/CMakeFiles/CMakeTmp/CheckSymbolExists.cxx: In function ‘int main(int, char**)’:
/home/kit/catkin_ws/build/CMakeFiles/CMakeTmp/CheckSymbolExists.cxx:8:19: error: ‘Q_WS_QWS’ was not declared in this scope
   return ((int*)(&Q_WS_QWS))[argc];
                   ^~~~~~~~
/home/kit/catkin_ws/build/CMakeFiles/CMakeTmp/CheckSymbolExists.cxx:8:19: note: suggested alternative: ‘Q_WS_X11’
   return ((int*)(&Q_WS_QWS))[argc];
                   ^~~~~~~~
                   Q_WS_X11
CMakeFiles/cmTC_a2983.dir/build.make:65: recipe for target 'CMakeFiles/cmTC_a2983.dir/CheckSymbolExists.cxx.o' failed
make[2]: *** [CMakeFiles/cmTC_a2983.dir/CheckSymbolExists.cxx.o] Error 1
make[2]: Leaving directory '/home/kit/catkin_ws/build/CMakeFiles/CMakeTmp'
Makefile:126: recipe for target 'cmTC_a2983/fast' failed
make[1]: *** [cmTC_a2983/fast] Error 2
make[1]: Leaving directory '/home/kit/catkin_ws/build/CMakeFiles/CMakeTmp'

File /home/kit/catkin_ws/build/CMakeFiles/CMakeTmp/CheckSymbolExists.cxx:
/* */
#include <QtCore/qglobal.h>

int main(int argc, char** argv)
{
  (void)argv;
#ifndef Q_WS_QWS
  return ((int*)(&Q_WS_QWS))[argc];
#else
  (void)argc;
  return 0;
#endif
}

Determining if the Q_WS_MAC exist failed with the following output:
Change Dir: /home/kit/catkin_ws/build/CMakeFiles/CMakeTmp

Run Build Command:"/usr/bin/make" "cmTC_19b51/fast"
make[1]: Entering directory '/home/kit/catkin_ws/build/CMakeFiles/CMakeTmp'
/usr/bin/make -f CMakeFiles/cmTC_19b51.dir/build.make CMakeFiles/cmTC_19b51.dir/build
make[2]: Entering directory '/home/kit/catkin_ws/build/CMakeFiles/CMakeTmp'
Building CXX object CMakeFiles/cmTC_19b51.dir/CheckSymbolExists.cxx.o
/usr/bin/c++   -I/usr/include/qt4   -o CMakeFiles/cmTC_19b51.dir/CheckSymbolExists.cxx.o -c /home/kit/catkin_ws/build/CMakeFiles/CMakeTmp/CheckSymbolExists.cxx
/home/kit/catkin_ws/build/CMakeFiles/CMakeTmp/CheckSymbolExists.cxx: In function ‘int main(int, char**)’:
/home/kit/catkin_ws/build/CMakeFiles/CMakeTmp/CheckSymbolExists.cxx:8:19: error: ‘Q_WS_MAC’ was not declared in this scope
   return ((int*)(&Q_WS_MAC))[argc];
                   ^~~~~~~~
/home/kit/catkin_ws/build/CMakeFiles/CMakeTmp/CheckSymbolExists.cxx:8:19: note: suggested alternative: ‘Q_WS_X11’
   return ((int*)(&Q_WS_MAC))[argc];
                   ^~~~~~~~
                   Q_WS_X11
CMakeFiles/cmTC_19b51.dir/build.make:65: recipe for target 'CMakeFiles/cmTC_19b51.dir/CheckSymbolExists.cxx.o' failed
make[2]: *** [CMakeFiles/cmTC_19b51.dir/CheckSymbolExists.cxx.o] Error 1
make[2]: Leaving directory '/home/kit/catkin_ws/build/CMakeFiles/CMakeTmp'
Makefile:126: recipe for target 'cmTC_19b51/fast' failed
make[1]: *** [cmTC_19b51/fast] Error 2
make[1]: Leaving directory '/home/kit/catkin_ws/build/CMakeFiles/CMakeTmp'

File /home/kit/catkin_ws/build/CMakeFiles/CMakeTmp/CheckSymbolExists.cxx:
/* */
#include <QtCore/qglobal.h>

int main(int argc, char** argv)
{
  (void)argv;
#ifndef Q_WS_MAC
  return ((int*)(&Q_WS_MAC))[argc];
#else
  (void)argc;
  return 0;
#endif
}

